{
  "nbformat": 4,
  "nbformat_minor": 0,
  "metadata": {
    "colab": {
      "name": "db_lab8.ipynb",
      "provenance": []
    },
    "kernelspec": {
      "name": "python3",
      "display_name": "Python 3"
    },
    "language_info": {
      "name": "python"
    }
  },
  "cells": [
    {
      "cell_type": "markdown",
      "source": [
        "## Exercise 1\n",
        "\n",
        "Total cost that take to fetch the data using command:\n",
        "```sql\n",
        "EXPLAIN SELECT * FROM public.customer\n",
        "```\n",
        "\n",
        "Output:\n",
        "```\n",
        "Seq Scan on customer  (cost=0.00..4034.00 rows=100000 width=211)\n",
        "```\n",
        "\n",
        "For 3 different query:\n",
        "\n",
        "1)\n",
        "```sql\n",
        "EXPLAIN ANALYZE SELECT * \n",
        "FROM public.customer\n",
        "WHERE id>10 AND id<100;\n",
        "```\n",
        "```\n",
        "Seq Scan on customer  (cost=0.00..328.00 rows=90 width=211)\n",
        "```\n",
        "2)\n",
        "```sql\n",
        "EXPLAIN SELECT * \n",
        "FROM public.customer\n",
        "WHERE name = 'Jason Lopez';\n",
        "```\n",
        "```\n",
        "Seq Scan on customer  (cost=0.00..4534.00 rows=2 width=211)\n",
        "```\n",
        "3)\n",
        "```sql\n",
        "EXPLAIN SELECT * \n",
        "FROM public.customer\n",
        "WHERE address = 'USS Myers';\n",
        "```\n",
        "```\n",
        "Seq Scan on customer  (cost=0.00..4784.00 rows=1 width=211)\n",
        "```\n",
        "\n",
        "Creating name index by following command:\n",
        "```sql\n",
        "CREATE INDEX idx_customer_name ON customer(name) \n",
        "```\n",
        "\n",
        "Afer Indexing:\n",
        "1)\n",
        "\n",
        "```\n",
        "Index Scan using customer_pkey on customer  (cost=0.29..12.16 rows=87 width=211) (actual time=0.009..0.041 rows=89 loops=1)\n",
        "```\n",
        "\n",
        "2)\n",
        "\n",
        "```\n",
        "->  Bitmap Index Scan on idx_customer_name  (cost=0.00..4.43 rows=2 width=0)\n",
        "```\n",
        "\n",
        "3)\n",
        "```\n",
        "Index Scan using idx_customer_address on customer  (cost=0.42..8.44 rows=1 width=211)\n",
        "```\n"
      ],
      "metadata": {
        "id": "BwqAxmlaHLEs"
      }
    },
    {
      "cell_type": "markdown",
      "source": [
        "## Exercise 2\n",
        "\n",
        "### 1-TASK\n",
        "\n",
        "```sql\n",
        "SELECT * FROM category as cat, film_category as f_c, film as f, inventory as i\n",
        "WHERE (cat.name = 'Sci-Fi' or cat.name = 'Horror')\n",
        "\tAND cat.category_id = f_c.category_id\n",
        "\tAND f_c.film_id = f.film_id\n",
        "    AND (f.rating = 'R' OR f.rating = 'PG-13')\n",
        "\tAND NOT EXISTS (SELECT * FROM rental WHERE i.inventory_id = rental.inventory_id)\n",
        "```\n",
        "\n",
        "ANALYZING:\n",
        "\n",
        "```\n",
        "\"Nested Loop  (cost=606.27..693.69 rows=47 width=492)\"\n",
        "\"  ->  Hash Join  (cost=606.00..627.00 rows=125 width=108)\"\n",
        "\"        Hash Cond: (f_c.category_id = cat.category_id)\"\n",
        "\"        ->  Seq Scan on film_category f_c  (cost=0.00..16.00 rows=1000 width=12)\"\n",
        "\"        ->  Hash  (cost=605.97..605.97 rows=2 width=96)\"\n",
        "\"              ->  Nested Loop  (cost=510.99..605.97 rows=2 width=96)\"\n",
        "\"                    ->  Hash Anti Join  (cost=510.99..604.71 rows=1 width=16)\"\n",
        "\"                          Hash Cond: (i.inventory_id = rental.inventory_id)\"\n",
        "\"                          ->  Seq Scan on inventory i  (cost=0.00..70.81 rows=4581 width=16)\"\n",
        "\"                          ->  Hash  (cost=310.44..310.44 rows=16044 width=4)\"\n",
        "\"                                ->  Seq Scan on rental  (cost=0.00..310.44 rows=16044 width=4)\"\n",
        "\"                    ->  Seq Scan on category cat  (cost=0.00..1.24 rows=2 width=80)\"\n",
        "\"                          Filter: (((name)::text = 'Sci-Fi'::text) OR ((name)::text = 'Horror'::text))\"\n",
        "\"  ->  Index Scan using film_pkey on film f  (cost=0.28..0.53 rows=1 width=384)\"\n",
        "\"        Index Cond: (film_id = f_c.film_id)\"\n",
        "\"        Filter: ((rating = 'R'::mpaa_rating) OR (rating = 'PG-13'::mpaa_rating))\"\n",
        "```\n",
        "\n",
        "### 2-Task\n",
        "\n",
        "```sql\n",
        "WITH store_sum AS (SELECT st.*, SUM(pay.amount) FROM payment as pay\n",
        "\t\t\t\t  JOIN staff AS s ON pay.staff_id = s.staff_id\n",
        "\t\t\t\t  JOIN store AS st ON s.store_id = st.store_id\n",
        "\t\t\t\t  WHERE TO_DATE('020107', 'MMDDYY') < pay.payment_date \n",
        "\t\t\t\t   AND pay.payment_date < TO_DATE('030107', 'MMDDYY')\n",
        "\t\t\t\t  GROUP BY st.store_id)\n",
        "SELECT * FROM store_sum AS s\n",
        "JOIN (SELECT ad.city_id, MAX(s.sum) FROM store_sum AS s\n",
        "\t INNER JOIN address AS ad ON s.address_id = ad.address_id\n",
        "\t GROUP BY ad.city_id) \n",
        "\t AS tot ON s.sum = tot.max\n",
        "```\n",
        "\n",
        "ANALYZING:\n",
        "\n",
        "```\n",
        "\"Hash Join  (cost=458.74..458.82 rows=2 width=82)\"\n",
        "\"  Hash Cond: ((max(s_1.sum)) = s.sum)\"\n",
        "\"  CTE store_sum\"\n",
        "\"    ->  HashAggregate  (cost=442.26..442.28 rows=2 width=48)\"\n",
        "\"          Group Key: st.store_id\"\n",
        "\"          ->  Hash Join  (cost=2.12..431.53 rows=2145 width=22)\"\n",
        "\"                Hash Cond: (pay.staff_id = s_2.staff_id)\"\n",
        "\"                ->  Seq Scan on payment pay  (cost=0.00..399.92 rows=2145 width=8)\"\n",
        "\"                      Filter: ((to_date('020107'::text, 'MMDDYY'::text) < payment_date) AND (payment_date < to_date('030107'::text, 'MMDDYY'::text)))\"\n",
        "\"                ->  Hash  (cost=2.09..2.09 rows=2 width=20)\"\n",
        "\"                      ->  Nested Loop  (cost=0.00..2.09 rows=2 width=20)\"\n",
        "\"                            Join Filter: (s_2.store_id = st.store_id)\"\n",
        "\"                            ->  Seq Scan on staff s_2  (cost=0.00..1.02 rows=2 width=6)\"\n",
        "\"                            ->  Materialize  (cost=0.00..1.03 rows=2 width=16)\"\n",
        "\"                                  ->  Seq Scan on store st  (cost=0.00..1.02 rows=2 width=16)\"\n",
        "\"  ->  GroupAggregate  (cost=16.39..16.42 rows=2 width=34)\"\n",
        "\"        Group Key: ad.city_id\"\n",
        "\"        ->  Sort  (cost=16.39..16.39 rows=2 width=34)\"\n",
        "\"              Sort Key: ad.city_id\"\n",
        "\"              ->  Hash Join  (cost=0.07..16.38 rows=2 width=34)\"\n",
        "\"                    Hash Cond: (ad.address_id = s_1.address_id)\"\n",
        "\"                    ->  Seq Scan on address ad  (cost=0.00..14.03 rows=603 width=6)\"\n",
        "\"                    ->  Hash  (cost=0.04..0.04 rows=2 width=34)\"\n",
        "\"                          ->  CTE Scan on store_sum s_1  (cost=0.00..0.04 rows=2 width=34)\"\n",
        "\"  ->  Hash  (cost=0.04..0.04 rows=2 width=48)\"\n",
        "```\n",
        "\n"
      ],
      "metadata": {
        "id": "ug8E_rCUXELV"
      }
    }
  ]
}